<?xml version="1.0" encoding="UTF-8"?>

<databaseChangeLog xmlns="http://www.liquibase.org/xml/ns/dbchangelog"
                   xmlns:xsi="http://www.w3.org/2001/XMLSchema-instance"
                   xsi:schemaLocation="http://www.liquibase.org/xml/ns/dbchangelog http://www.liquibase.org/xml/ns/dbchangelog/dbchangelog-3.8.xsd">

    <changeSet id="unit_tests_01" author="tester">
        <insert tableName="entities">
            <column name="id">efd8fee0-3ae5-4376-9f08-24274134a34b</column>
            <column name="name">test-entity</column>
        </insert>
    </changeSet>

</databaseChangeLog>



